#
# A fatal error has been detected by the Java Runtime Environment:
#
#  SIGSEGV (0xb) at pc=0x00007fa016db35b5, pid=15629, tid=0x00007f9ff0cc1700
#
# JRE version: OpenJDK Runtime Environment (8.0_162-b12) (build 1.8.0_162-8u162-b12-0ubuntu0.16.04.2-b12)
# Java VM: OpenJDK 64-Bit Server VM (25.162-b12 mixed mode linux-amd64 compressed oops)
# Problematic frame:
# V  [libjvm.so+0x8d65b5]
#
# Failed to write core dump. Core dumps have been disabled. To enable core dumping, try "ulimit -c unlimited" before starting Java again
#
# If you would like to submit a bug report, please visit:
#   http://bugreport.java.com/bugreport/crash.jsp
#

---------------  T H R E A D  ---------------

Current thread (0x00007fa0100cf000):  WatcherThread [stack: 0x00007f9ff0bc1000,0x00007f9ff0cc2000] [id=15654]

siginfo: si_signo: 11 (SIGSEGV), si_code: 1 (SEGV_MAPERR), si_addr: 0x00000002000000a3

Registers:
RAX=0x0000000200000003, RBX=0x0000000000000000, RCX=0x00007f9ff0cc0d70, RDX=0x00007fa0100cf8c8
RSP=0x00007f9ff0cc0cf0, RBP=0x00007f9ff0cc0de0, RSI=0x00007fa0100cf000, RDI=0x00007f9ff0cc0d70
R8 =0x00007fa0174005cc, R9 =0x0000000000000001, R10=0x00007f9ff0cc0dc0, R11=0x000faf118da42d6f
R12=0x0000000000000032, R13=0x00007fa01001c230, R14=0x00007fa0173dc5c8, R15=0x00007fa01001de80
RIP=0x00007fa016db35b5, EFLAGS=0x0000000000010246, CSGSFS=0x002b000000000033, ERR=0x0000000000000004
  TRAPNO=0x000000000000000e

Top of Stack: (sp=0x00007f9ff0cc0cf0)
0x00007f9ff0cc0cf0:   00000000000003d8 000000001f945d9f
0x00007f9ff0cc0d00:   00007f9ff0cc0d70 00007f9fb803d1f8
0x00007f9ff0cc0d10:   00007f9fb803ce20 00007f9fb803ce10
0x00007f9ff0cc0d20:   00007f9ff0cc0d60 00007fa0100cff00
0x00007f9ff0cc0d30:   00007fa0100cff00 00007fa010008150
0x00007f9ff0cc0d40:   00007fa0174005cc 00007fa0100cf000
0x00007f9ff0cc0d50:   00007f9ff0cc0da0 00007fa016d556d8
0x00007f9ff0cc0d60:   00007f9ff0cc0da0 00007fff7bbe4cb8
0x00007f9ff0cc0d70:   00007fa0100cf000 00007fa0100cf7a0
0x00007f9ff0cc0d80:   00007fa0100cf7e0 00007fa0100cf7f0
0x00007f9ff0cc0d90:   00007fa0100cf8c8 00000000000000d8
0x00007f9ff0cc0da0:   00007fa0100cfa00 cedcd75786e3f600
0x00007f9ff0cc0db0:   00007f9ff0cc0dc0 0000000000000001
0x00007f9ff0cc0dc0:   0000000000000008 00007fa01001ddc0
0x00007f9ff0cc0dd0:   0000000000000002 00007fa017405fa0
0x00007f9ff0cc0de0:   00007f9ff0cc0e10 00007fa016e76a5c
0x00007f9ff0cc0df0:   00007f9ff0bc1000 0000000000000001
0x00007f9ff0cc0e00:   0000000000000032 0000000000000032
0x00007f9ff0cc0e10:   00007f9ff0cc0e60 00007fa016ec12ee
0x00007f9ff0cc0e20:   0000000200000000 00007fa010008150
0x00007f9ff0cc0e30:   0000000000000000 00007fa0100cf000
0x00007f9ff0cc0e40:   0000000000000032 00007fa0173dad80
0x00007f9ff0cc0e50:   00007f9ff0bc1000 0000000000101000
0x00007f9ff0cc0e60:   00007f9ff0cc0f10 00007fa016ee8da8
0x00007f9ff0cc0e70:   0000000000000000 0000000000000000
0x00007f9ff0cc0e80:   0000000000000000 00007fa0100d0370
0x00007f9ff0cc0e90:   0000000000000000 0000000000000001
0x00007f9ff0cc0ea0:   0000000000000000 00007fa0100cf000
0x00007f9ff0cc0eb0:   00007f9ff0cc0f10 00007fa016d567fa
0x00007f9ff0cc0ec0:   00007fa0100d0370 00007fa0100d0390
0x00007f9ff0cc0ed0:   00007fa0100cf000 cedcd75786e3f600
0x00007f9ff0cc0ee0:   00007f9ff0cc0f10 00007fa0100d0370 

Instructions: (pc=0x00007fa016db35b5)
0x00007fa016db3595:   ff e8 d5 82 91 ff 48 8d 4d 90 48 89 c6 48 89 cf
0x00007fa016db35a5:   48 89 8d 20 ff ff ff e8 af c5 d0 ff 49 8b 45 10
0x00007fa016db35b5:   8b 80 a0 00 00 00 83 c0 01 3b 43 7c 7c 24 48 8d
0x00007fa016db35c5:   0d fc 52 1d 00 48 8d 15 2f dd 1d 00 48 8d 3d 48 

Register to memory mapping:

RAX=0x0000000200000003 is an unknown value
RBX=0x0000000000000000 is an unknown value
RCX=0x00007f9ff0cc0d70 is an unknown value
RDX=0x00007fa0100cf8c8 is an unknown value
RSP=0x00007f9ff0cc0cf0 is an unknown value
RBP=0x00007f9ff0cc0de0 is an unknown value
RSI=0x00007fa0100cf000 is an unknown value
RDI=0x00007f9ff0cc0d70 is an unknown value
R8 =0x00007fa0174005cc: <offset 0xf235cc> in /usr/lib/jvm/java-8-openjdk-amd64/jre/lib/amd64/server/libjvm.so at 0x00007fa0164dd000
R9 =0x0000000000000001 is an unknown value
R10=0x00007f9ff0cc0dc0 is an unknown value
R11=0x000faf118da42d6f is an unknown value
R12=0x0000000000000032 is an unknown value
R13=0x00007fa01001c230 is an unknown value
R14=0x00007fa0173dc5c8: <offset 0xeff5c8> in /usr/lib/jvm/java-8-openjdk-amd64/jre/lib/amd64/server/libjvm.so at 0x00007fa0164dd000
R15=0x00007fa01001de80 is an unknown value


Stack: [0x00007f9ff0bc1000,0x00007f9ff0cc2000],  sp=0x00007f9ff0cc0cf0,  free space=1023k
Native frames: (J=compiled Java code, j=interpreted, Vv=VM code, C=native code)
V  [libjvm.so+0x8d65b5]
V  [libjvm.so+0x999a5c]
V  [libjvm.so+0x9e42ee]
V  [libjvm.so+0xa0bda8]
V  [libjvm.so+0x8b7222]


---------------  P R O C E S S  ---------------

Java Threads: ( => current thread )
  0x00007fa01000b000 JavaThread "DestroyJavaVM" [_thread_blocked, id=15635, stack(0x00007fa01813c000,0x00007fa01823d000)]
  0x00007fa01028e800 JavaThread "AWT-EventQueue-0" [_thread_blocked, id=15660, stack(0x00007f9fea57d000,0x00007f9fea67e000)]
  0x00007fa01028d000 JavaThread "AWT-Shutdown" [_thread_blocked, id=15659, stack(0x00007f9fea67e000,0x00007f9fea77f000)]
  0x00007fa010289000 JavaThread "AWT-XAWT" daemon [_thread_in_native, id=15658, stack(0x00007f9fea77f000,0x00007f9fea880000)]
  0x00007fa010265800 JavaThread "Java2D Disposer" daemon [_thread_blocked, id=15657, stack(0x00007f9ff0017000,0x00007f9ff0118000)]
  0x00007fa0100cc800 JavaThread "Service Thread" daemon [_thread_blocked, id=15653, stack(0x00007f9ff0cc2000,0x00007f9ff0dc3000)]
  0x00007fa0100c0000 JavaThread "C1 CompilerThread3" daemon [_thread_blocked, id=15652, stack(0x00007f9ff0dc3000,0x00007f9ff0ec4000)]
  0x00007fa0100bb800 JavaThread "C2 CompilerThread2" daemon [_thread_blocked, id=15651, stack(0x00007f9ff0ec4000,0x00007f9ff0fc5000)]
  0x00007fa0100b9800 JavaThread "C2 CompilerThread1" daemon [_thread_blocked, id=15650, stack(0x00007f9ff0fc5000,0x00007f9ff10c6000)]
  0x00007fa0100b7000 JavaThread "C2 CompilerThread0" daemon [_thread_blocked, id=15649, stack(0x00007f9ff10c6000,0x00007f9ff11c7000)]
  0x00007fa0100b4800 JavaThread "Signal Dispatcher" daemon [_thread_blocked, id=15648, stack(0x00007f9ff11c7000,0x00007f9ff12c8000)]
  0x00007fa01008c800 JavaThread "Finalizer" daemon [_thread_blocked, id=15646, stack(0x00007f9ff1de6000,0x00007f9ff1ee7000)]
  0x00007fa010088000 JavaThread "Reference Handler" daemon [_thread_blocked, id=15645, stack(0x00007f9ff1ee7000,0x00007f9ff1fe8000)]

Other Threads:
  0x00007fa010080800 VMThread [stack: 0x00007f9ff1fe8000,0x00007f9ff20e9000] [id=15644]
=>0x00007fa0100cf000 WatcherThread [stack: 0x00007f9ff0bc1000,0x00007f9ff0cc2000] [id=15654]

VM state:not at safepoint (normal execution)

VM Mutex/Monitor currently owned by a thread:  ([mutex/lock_event])
[0x00007fa010008150] PeriodicTask_lock - owner thread: 0x00007fa0100cf000

Heap:
 PSYoungGen      total 62464K, used 17969K [0x00000000d6e00000, 0x00000000dd280000, 0x0000000100000000)
  eden space 58368K, 30% used [0x00000000d6e00000,0x00000000d7f74678,0x00000000da700000)
  from space 4096K, 2% used [0x00000000dca80000,0x00000000dca98000,0x00000000dce80000)
  to   space 4096K, 0% used [0x00000000dce80000,0x00000000dce80000,0x00000000dd280000)
 ParOldGen       total 84992K, used 2603K [0x0000000084a00000, 0x0000000089d00000, 0x00000000d6e00000)
  object space 84992K, 3% used [0x0000000084a00000,0x0000000084c8ad30,0x0000000089d00000)
 Metaspace       used 11316K, capacity 11500K, committed 11776K, reserved 1060864K
  class space    used 1196K, capacity 1254K, committed 1280K, reserved 1048576K

Card table byte_map: [0x00007fa01440f000,0x00007fa0147eb000] byte_map_base: 0x00007fa013fea000

Marking Bits: (ParMarkBitMap*) 0x00007fa017404300
 Begin Bits: [0x00007f9ff8250000, 0x00007f9ffa128000)
 End Bits:   [0x00007f9ffa128000, 0x00007f9ffc000000)

Polling page: 0x00007fa018258000

CodeCache: size=245760Kb used=6656Kb max_used=6664Kb free=239103Kb
 bounds [0x00007fa001000000, 0x00007fa001690000, 0x00007fa010000000]
 total_blobs=2359 nmethods=1844 adapters=429
 compilation: enabled

Compilation events (10 events):
Event: 23,269 Thread 0x00007fa0100c0000 1844       3       java.lang.Character::valueOf (21 bytes)
Event: 23,269 Thread 0x00007fa0100c0000 nmethod 1844 0x00007fa001668b90 code [0x00007fa001668d00, 0x00007fa001668fb0]
Event: 23,269 Thread 0x00007fa0100b7000 1845       4       java.lang.Long::valueOf (36 bytes)
Event: 23,270 Thread 0x00007fa0100c0000 1846       3       sun.awt.X11.XKeysym$Keysym2JavaKeycode::<init> (15 bytes)
Event: 23,270 Thread 0x00007fa0100c0000 nmethod 1846 0x00007fa0016687d0 code [0x00007fa001668940, 0x00007fa001668af0]
Event: 23,271 Thread 0x00007fa0100b7000 nmethod 1845 0x00007fa001668450 code [0x00007fa0016685a0, 0x00007fa0016686d8]
Event: 23,271 Thread 0x00007fa0100c0000 1847       3       java.util.HashSet::contains (9 bytes)
Event: 23,272 Thread 0x00007fa0100c0000 nmethod 1847 0x00007fa001667c10 code [0x00007fa001667da0, 0x00007fa001668298]
Event: 23,277 Thread 0x00007fa0100c0000 1848       1       javax.swing.AbstractButton::isRolloverEnabled (5 bytes)
Event: 23,277 Thread 0x00007fa0100c0000 nmethod 1848 0x00007fa001678710 code [0x00007fa001678860, 0x00007fa001678970]

GC Heap History (10 events):
Event: 20,432 GC heap before
{Heap before GC invocations=7 (full 0):
 PSYoungGen      total 33280K, used 33276K [0x00000000d6e00000, 0x00000000d9280000, 0x0000000100000000)
  eden space 30720K, 100% used [0x00000000d6e00000,0x00000000d8c00000,0x00000000d8c00000)
  from space 2560K, 99% used [0x00000000d9000000,0x00000000d927f1a0,0x00000000d9280000)
  to   space 3072K, 0% used [0x00000000d8c80000,0x00000000d8c80000,0x00000000d8f80000)
 ParOldGen       total 84992K, used 64K [0x0000000084a00000, 0x0000000089d00000, 0x00000000d6e00000)
  object space 84992K, 0% used [0x0000000084a00000,0x0000000084a10000,0x0000000089d00000)
 Metaspace       used 11162K, capacity 11372K, committed 11520K, reserved 1058816K
  class space    used 1176K, capacity 1254K, committed 1280K, reserved 1048576K
Event: 20,450 GC heap after
Heap after GC invocations=7 (full 0):
 PSYoungGen      total 34304K, used 224K [0x00000000d6e00000, 0x00000000db100000, 0x0000000100000000)
  eden space 31232K, 0% used [0x00000000d6e00000,0x00000000d6e00000,0x00000000d8c80000)
  from space 3072K, 7% used [0x00000000d8c80000,0x00000000d8cb8000,0x00000000d8f80000)
  to   space 3584K, 0% used [0x00000000dad80000,0x00000000dad80000,0x00000000db100000)
 ParOldGen       total 84992K, used 2579K [0x0000000084a00000, 0x0000000089d00000, 0x00000000d6e00000)
  object space 84992K, 3% used [0x0000000084a00000,0x0000000084c84d30,0x0000000089d00000)
 Metaspace       used 11162K, capacity 11372K, committed 11520K, reserved 1058816K
  class space    used 1176K, capacity 1254K, committed 1280K, reserved 1048576K
}
Event: 20,798 GC heap before
{Heap before GC invocations=8 (full 0):
 PSYoungGen      total 34304K, used 31456K [0x00000000d6e00000, 0x00000000db100000, 0x0000000100000000)
  eden space 31232K, 100% used [0x00000000d6e00000,0x00000000d8c80000,0x00000000d8c80000)
  from space 3072K, 7% used [0x00000000d8c80000,0x00000000d8cb8000,0x00000000d8f80000)
  to   space 3584K, 0% used [0x00000000dad80000,0x00000000dad80000,0x00000000db100000)
 ParOldGen       total 84992K, used 2579K [0x0000000084a00000, 0x0000000089d00000, 0x00000000d6e00000)
  object space 84992K, 3% used [0x0000000084a00000,0x0000000084c84d30,0x0000000089d00000)
 Metaspace       used 11162K, capacity 11372K, committed 11520K, reserved 1058816K
  class space    used 1176K, capacity 1254K, committed 1280K, reserved 1048576K
Event: 20,802 GC heap after
Heap after GC invocations=8 (full 0):
 PSYoungGen      total 65024K, used 128K [0x00000000d6e00000, 0x00000000db200000, 0x0000000100000000)
  eden space 61440K, 0% used [0x00000000d6e00000,0x00000000d6e00000,0x00000000daa00000)
  from space 3584K, 3% used [0x00000000dad80000,0x00000000dada0000,0x00000000db100000)
  to   space 3584K, 0% used [0x00000000daa00000,0x00000000daa00000,0x00000000dad80000)
 ParOldGen       total 84992K, used 2603K [0x0000000084a00000, 0x0000000089d00000, 0x00000000d6e00000)
  object space 84992K, 3% used [0x0000000084a00000,0x0000000084c8ad30,0x0000000089d00000)
 Metaspace       used 11162K, capacity 11372K, committed 11520K, reserved 1058816K
  class space    used 1176K, capacity 1254K, committed 1280K, reserved 1048576K
}
Event: 21,588 GC heap before
{Heap before GC invocations=9 (full 0):
 PSYoungGen      total 65024K, used 61568K [0x00000000d6e00000, 0x00000000db200000, 0x0000000100000000)
  eden space 61440K, 100% used [0x00000000d6e00000,0x00000000daa00000,0x00000000daa00000)
  from space 3584K, 3% used [0x00000000dad80000,0x00000000dada0000,0x00000000db100000)
  to   space 3584K, 0% used [0x00000000daa00000,0x00000000daa00000,0x00000000dad80000)
 ParOldGen       total 84992K, used 2603K [0x0000000084a00000, 0x0000000089d00000, 0x00000000d6e00000)
  object space 84992K, 3% used [0x0000000084a00000,0x0000000084c8ad30,0x0000000089d00000)
 Metaspace       used 11165K, capacity 11372K, committed 11520K, reserved 1058816K
  class space    used 1176K, capacity 1254K, committed 1280K, reserved 1048576K
Event: 21,592 GC heap after
Heap after GC invocations=9 (full 0):
 PSYoungGen      total 65024K, used 96K [0x00000000d6e00000, 0x00000000dd600000, 0x0000000100000000)
  eden space 61440K, 0% used [0x00000000d6e00000,0x00000000d6e00000,0x00000000daa00000)
  from space 3584K, 2% used [0x00000000daa00000,0x00000000daa18000,0x00000000dad80000)
  to   space 4096K, 0% used [0x00000000dd200000,0x00000000dd200000,0x00000000dd600000)
 ParOldGen       total 84992K, used 2603K [0x0000000084a00000, 0x0000000089d00000, 0x00000000d6e00000)
  object space 84992K, 3% used [0x0000000084a00000,0x0000000084c8ad30,0x0000000089d00000)
 Metaspace       used 11165K, capacity 11372K, committed 11520K, reserved 1058816K
  class space    used 1176K, capacity 1254K, committed 1280K, reserved 1048576K
}
Event: 22,255 GC heap before
{Heap before GC invocations=10 (full 0):
 PSYoungGen      total 65024K, used 61536K [0x00000000d6e00000, 0x00000000dd600000, 0x0000000100000000)
  eden space 61440K, 100% used [0x00000000d6e00000,0x00000000daa00000,0x00000000daa00000)
  from space 3584K, 2% used [0x00000000daa00000,0x00000000daa18000,0x00000000dad80000)
  to   space 4096K, 0% used [0x00000000dd200000,0x00000000dd200000,0x00000000dd600000)
 ParOldGen       total 84992K, used 2603K [0x0000000084a00000, 0x0000000089d00000, 0x00000000d6e00000)
  object space 84992K, 3% used [0x0000000084a00000,0x0000000084c8ad30,0x0000000089d00000)
 Metaspace       used 11165K, capacity 11372K, committed 11520K, reserved 1058816K
  class space    used 1176K, capacity 1254K, committed 1280K, reserved 1048576K
Event: 22,256 GC heap after
Heap after GC invocations=10 (full 0):
 PSYoungGen      total 60416K, used 160K [0x00000000d6e00000, 0x00000000dd280000, 0x0000000100000000)
  eden space 59904K, 0% used [0x00000000d6e00000,0x00000000d6e00000,0x00000000da880000)
  from space 512K, 31% used [0x00000000dd200000,0x00000000dd228000,0x00000000dd280000)
  to   space 4096K, 0% used [0x00000000dca80000,0x00000000dca80000,0x00000000dce80000)
 ParOldGen       total 84992K, used 2603K [0x0000000084a00000, 0x0000000089d00000, 0x00000000d6e00000)
  object space 84992K, 3% used [0x0000000084a00000,0x0000000084c8ad30,0x0000000089d00000)
 Metaspace       used 11165K, capacity 11372K, committed 11520K, reserved 1058816K
  class space    used 1176K, capacity 1254K, committed 1280K, reserved 1048576K
}
Event: 23,056 GC heap before
{Heap before GC invocations=11 (full 0):
 PSYoungGen      total 60416K, used 60064K [0x00000000d6e00000, 0x00000000dd280000, 0x0000000100000000)
  eden space 59904K, 100% used [0x00000000d6e00000,0x00000000da880000,0x00000000da880000)
  from space 512K, 31% used [0x00000000dd200000,0x00000000dd228000,0x00000000dd280000)
  to   space 4096K, 0% used [0x00000000dca80000,0x00000000dca80000,0x00000000dce80000)
 ParOldGen       total 84992K, used 2603K [0x0000000084a00000, 0x0000000089d00000, 0x00000000d6e00000)
  object space 84992K, 3% used [0x0000000084a00000,0x0000000084c8ad30,0x0000000089d00000)
 Metaspace       used 11165K, capacity 11372K, committed 11520K, reserved 1058816K
  class space    used 1176K, capacity 1254K, committed 1280K, reserved 1048576K
Event: 23,056 GC heap after
Heap after GC invocations=11 (full 0):
 PSYoungGen      total 62464K, used 96K [0x00000000d6e00000, 0x00000000dd280000, 0x0000000100000000)
  eden space 58368K, 0% used [0x00000000d6e00000,0x00000000d6e00000,0x00000000da700000)
  from space 4096K, 2% used [0x00000000dca80000,0x00000000dca98000,0x00000000dce80000)
  to   space 4096K, 0% used [0x00000000dce80000,0x00000000dce80000,0x00000000dd280000)
 ParOldGen       total 84992K, used 2603K [0x0000000084a00000, 0x0000000089d00000, 0x00000000d6e00000)
  object space 84992K, 3% used [0x0000000084a00000,0x0000000084c8ad30,0x0000000089d00000)
 Metaspace       used 11165K, capacity 11372K, committed 11520K, reserved 1058816K
  class space    used 1176K, capacity 1254K, committed 1280K, reserved 1048576K
}

Deoptimization events (10 events):
Event: 23,274 Thread 0x00007fa01028e800 Uncommon trap: reason=unstable_if action=reinterpret pc=0x00007fa0015a4450 method=java.awt.EventQueue.getPriority(Ljava/awt/AWTEvent;)I @ 4
Event: 23,274 Thread 0x00007fa01028e800 Uncommon trap: reason=unstable_if action=reinterpret pc=0x00007fa00158917c method=java.awt.EventQueue.eventToCacheIndex(Ljava/awt/AWTEvent;)I @ 71
Event: 23,274 Thread 0x00007fa01028e800 Uncommon trap: reason=unstable_if action=reinterpret pc=0x00007fa001620780 method=java.awt.EventQueue.eventToCacheIndex(Ljava/awt/AWTEvent;)I @ 71
Event: 23,274 Thread 0x00007fa01028e800 Uncommon trap: reason=class_check action=maybe_recompile pc=0x00007fa0015faadc method=java.awt.EventQueue.setCurrentEventAndMostRecentTimeImpl(Ljava/awt/AWTEvent;)V @ 135
Event: 23,275 Thread 0x00007fa01028e800 Uncommon trap: reason=unstable_if action=reinterpret pc=0x00007fa0015d5884 method=javax.swing.RepaintManager.addDirtyRegion0(Ljava/awt/Container;IIII)V @ 61
Event: 23,275 Thread 0x00007fa01028e800 Uncommon trap: reason=unstable_if action=reinterpret pc=0x00007fa00166bbbc method=javax.swing.JComponent.paintImmediately(IIII)V @ 7
Event: 23,276 Thread 0x00007fa01028e800 Uncommon trap: reason=class_check action=maybe_recompile pc=0x00007fa0015faa78 method=java.awt.EventQueue.dispatchEventImpl(Ljava/awt/AWTEvent;Ljava/lang/Object;)V @ 18
Event: 23,277 Thread 0x00007fa01028e800 Uncommon trap: reason=unstable_if action=reinterpret pc=0x00007fa0015bca34 method=javax.swing.RepaintManager.addDirtyRegion0(Ljava/awt/Container;IIII)V @ 61
Event: 23,277 Thread 0x00007fa01028e800 Uncommon trap: reason=class_check action=maybe_recompile pc=0x00007fa0015faa78 method=java.awt.EventQueue.dispatchEventImpl(Ljava/awt/AWTEvent;Ljava/lang/Object;)V @ 18
Event: 23,277 Thread 0x00007fa01028e800 Uncommon trap: reason=class_check action=maybe_recompile pc=0x00007fa0015faa78 method=java.awt.EventQueue.dispatchEventImpl(Ljava/awt/AWTEvent;Ljava/lang/Object;)V @ 18

Classes redefined (0 events):
No events

Internal exceptions (10 events):
Event: 0,225 Thread 0x00007fa01000b000 Exception <a 'java/security/PrivilegedActionException'> (0x00000000d6e97e98) thrown at [/build/openjdk-8-OdO8jS/openjdk-8-8u162-b12/src/hotspot/src/share/vm/prims/jvm.cpp, line 1390]
Event: 0,226 Thread 0x00007fa01000b000 Exception <a 'java/security/PrivilegedActionException'> (0x00000000d6e98970) thrown at [/build/openjdk-8-OdO8jS/openjdk-8-8u162-b12/src/hotspot/src/share/vm/prims/jvm.cpp, line 1390]
Event: 0,226 Thread 0x00007fa01000b000 Exception <a 'java/security/PrivilegedActionException'> (0x00000000d6e98b80) thrown at [/build/openjdk-8-OdO8jS/openjdk-8-8u162-b12/src/hotspot/src/share/vm/prims/jvm.cpp, line 1390]
Event: 0,404 Thread 0x00007fa01000b000 Exception <a 'java/lang/NoSuchFieldError': method resolution failed> (0x00000000d7013438) thrown at [/build/openjdk-8-OdO8jS/openjdk-8-8u162-b12/src/hotspot/src/share/vm/prims/methodHandles.cpp, line 1167]
Event: 0,410 Thread 0x00007fa01000b000 Exception <a 'java/lang/NoSuchFieldError': method resolution failed> (0x00000000d7020c38) thrown at [/build/openjdk-8-OdO8jS/openjdk-8-8u162-b12/src/hotspot/src/share/vm/prims/methodHandles.cpp, line 1167]
Event: 0,498 Thread 0x00007fa01000b000 Exception <a 'java/io/FileNotFoundException'> (0x00000000d70a0ad0) thrown at [/build/openjdk-8-OdO8jS/openjdk-8-8u162-b12/src/hotspot/src/share/vm/prims/jni.cpp, line 709]
Event: 0,499 Thread 0x00007fa01000b000 Exception <a 'java/io/FileNotFoundException'> (0x00000000d70a14f0) thrown at [/build/openjdk-8-OdO8jS/openjdk-8-8u162-b12/src/hotspot/src/share/vm/prims/jni.cpp, line 709]
Event: 0,578 Thread 0x00007fa01000b000 Exception <a 'java/lang/ClassNotFoundException': sun/dc/DuctusRenderingEngine> (0x00000000d70b2468) thrown at [/build/openjdk-8-OdO8jS/openjdk-8-8u162-b12/src/hotspot/src/share/vm/classfile/systemDictionary.cpp, line 210]
Event: 1,753 Thread 0x00007fa01028e800 Implicit null exception at 0x00007fa0012422b2 to 0x00007fa001242e0d
Event: 2,855 Thread 0x00007fa01028e800 Exception <a 'java/lang/UnsupportedOperationException': > (0x00000000d7be7be0) thrown at [/build/openjdk-8-OdO8jS/openjdk-8-8u162-b12/src/hotspot/src/share/vm/prims/jni.cpp, line 735]

Events (10 events):
Event: 23,276 Thread 0x00007fa01028e800 DEOPT UNPACKING pc=0x00007fa00104547a sp=0x00007f9fea67b150 mode 2
Event: 23,277 Thread 0x00007fa01028e800 Uncommon trap: trap_request=0xffffff65 fr.pc=0x00007fa0015bca34
Event: 23,277 Thread 0x00007fa01028e800 DEOPT PACKING pc=0x00007fa0015bca34 sp=0x00007f9fea67a520
Event: 23,277 Thread 0x00007fa01028e800 DEOPT UNPACKING pc=0x00007fa00104547a sp=0x00007f9fea67a540 mode 2
Event: 23,277 Thread 0x00007fa01028e800 Uncommon trap: trap_request=0xffffffde fr.pc=0x00007fa0015faa78
Event: 23,277 Thread 0x00007fa01028e800 DEOPT PACKING pc=0x00007fa0015faa78 sp=0x00007f9fea67bcc0
Event: 23,277 Thread 0x00007fa01028e800 DEOPT UNPACKING pc=0x00007fa00104547a sp=0x00007f9fea67bbc0 mode 2
Event: 23,277 Thread 0x00007fa01028e800 Uncommon trap: trap_request=0xffffffde fr.pc=0x00007fa0015faa78
Event: 23,277 Thread 0x00007fa01028e800 DEOPT PACKING pc=0x00007fa0015faa78 sp=0x00007f9fea67bcc0
Event: 23,277 Thread 0x00007fa01028e800 DEOPT UNPACKING pc=0x00007fa00104547a sp=0x00007f9fea67bbc0 mode 2


Dynamic libraries:
00400000-00401000 r-xp 00000000 08:06 1057484                            /usr/lib/jvm/java-8-openjdk-amd64/jre/bin/java
00600000-00601000 r--p 00000000 08:06 1057484                            /usr/lib/jvm/java-8-openjdk-amd64/jre/bin/java
00601000-00602000 rw-p 00001000 08:06 1057484                            /usr/lib/jvm/java-8-openjdk-amd64/jre/bin/java
00fa2000-00fc3000 rw-p 00000000 00:00 0                                  [heap]
84a00000-89d00000 rw-p 00000000 00:00 0 
89d00000-d6e00000 ---p 00000000 00:00 0 
d6e00000-dd280000 rw-p 00000000 00:00 0 
dd280000-100000000 ---p 00000000 00:00 0 
100000000-100140000 rw-p 00000000 00:00 0 
100140000-140000000 ---p 00000000 00:00 0 
7f9f8c000000-7f9f8c107000 rw-p 00000000 00:00 0 
7f9f8c107000-7f9f90000000 ---p 00000000 00:00 0 
7f9f94000000-7f9f94021000 rw-p 00000000 00:00 0 
7f9f94021000-7f9f98000000 ---p 00000000 00:00 0 
7f9f98000000-7f9f98021000 rw-p 00000000 00:00 0 
7f9f98021000-7f9f9c000000 ---p 00000000 00:00 0 
7f9f9c000000-7f9f9c021000 rw-p 00000000 00:00 0 
7f9f9c021000-7f9fa0000000 ---p 00000000 00:00 0 
7f9fa0000000-7f9fa0021000 rw-p 00000000 00:00 0 
7f9fa0021000-7f9fa4000000 ---p 00000000 00:00 0 
7f9fa4000000-7f9fa472b000 rw-p 00000000 00:00 0 
7f9fa472b000-7f9fa8000000 ---p 00000000 00:00 0 
7f9fa8000000-7f9fa8021000 rw-p 00000000 00:00 0 
7f9fa8021000-7f9fac000000 ---p 00000000 00:00 0 
7f9fac000000-7f9facb46000 rw-p 00000000 00:00 0 
7f9facb46000-7f9fb0000000 ---p 00000000 00:00 0 
7f9fb0000000-7f9fb0bc4000 rw-p 00000000 00:00 0 
7f9fb0bc4000-7f9fb4000000 ---p 00000000 00:00 0 
7f9fb4000000-7f9fb4021000 rw-p 00000000 00:00 0 
7f9fb4021000-7f9fb8000000 ---p 00000000 00:00 0 
7f9fb8000000-7f9fb8cd4000 rw-p 00000000 00:00 0 
7f9fb8cd4000-7f9fbc000000 ---p 00000000 00:00 0 
7f9fbc000000-7f9fbc021000 rw-p 00000000 00:00 0 
7f9fbc021000-7f9fc0000000 ---p 00000000 00:00 0 
7f9fc0000000-7f9fc0021000 rw-p 00000000 00:00 0 
7f9fc0021000-7f9fc4000000 ---p 00000000 00:00 0 
7f9fc4000000-7f9fc4021000 rw-p 00000000 00:00 0 
7f9fc4021000-7f9fc8000000 ---p 00000000 00:00 0 
7f9fc8000000-7f9fc8021000 rw-p 00000000 00:00 0 
7f9fc8021000-7f9fcc000000 ---p 00000000 00:00 0 
7f9fcc000000-7f9fcc021000 rw-p 00000000 00:00 0 
7f9fcc021000-7f9fd0000000 ---p 00000000 00:00 0 
7f9fd4000000-7f9fd4021000 rw-p 00000000 00:00 0 
7f9fd4021000-7f9fd8000000 ---p 00000000 00:00 0 
7f9fdc000000-7f9fdc021000 rw-p 00000000 00:00 0 
7f9fdc021000-7f9fe0000000 ---p 00000000 00:00 0 
7f9fe0fff000-7f9fe4000000 rw-p 00000000 00:00 0 
7f9fe4000000-7f9fe4021000 rw-p 00000000 00:00 0 
7f9fe4021000-7f9fe8000000 ---p 00000000 00:00 0 
7f9fe9a83000-7f9fe9a8e000 r--s 00000000 08:06 2366116                    /var/cache/fontconfig/945677eb7aeaf62f1d50efc3fb3ec7d8-le64.cache-6
7f9fe9a8e000-7f9fe9a94000 r--s 00000000 08:06 2366098                    /var/cache/fontconfig/2cd17615ca594fa2959ae173292e504c-le64.cache-6
7f9fe9a94000-7f9fe9a95000 r--s 00000000 08:06 2366095                    /var/cache/fontconfig/0d8c3b2ac0904cb8a57a757ad11a4a08-le64.cache-6
7f9fe9a95000-7f9fe9aaa000 r--s 00000000 08:06 2366092                    /var/cache/fontconfig/04aabc0a78ac019cf9454389977116d2-le64.cache-6
7f9fe9aaa000-7f9fe9aab000 r--s 00000000 08:06 2366097                    /var/cache/fontconfig/1ac9eb803944fde146138c791f5cc56a-le64.cache-6
7f9fe9aab000-7f9fe9aaf000 r--s 00000000 08:06 2366102                    /var/cache/fontconfig/385c0604a188198f04d133e54aba7fe7-le64.cache-6
7f9fe9aaf000-7f9fe9ab0000 r--s 00000000 08:06 2366129                    /var/cache/fontconfig/dc05db6664285cc2f12bf69c139ae4c3-le64.cache-6
7f9fe9ab0000-7f9fe9ab3000 r--s 00000000 08:06 2366112                    /var/cache/fontconfig/767a8244fc0220cfb567a839d0392e0b-le64.cache-6
7f9fe9ab3000-7f9fe9ab4000 r--s 00000000 08:06 2366103                    /var/cache/fontconfig/4794a0821666d79190d59a36cb4f44b5-le64.cache-6
7f9fe9ab4000-7f9fe9abb000 r--s 00000000 08:06 2366099                    /var/cache/fontconfig/3047814df9a2f067bd2d96a2b9c36e5a-le64.cache-6
7f9fe9abb000-7f9fe9ace000 r--s 00000000 08:06 2366126                    /var/cache/fontconfig/d52a8644073d54c13679302ca1180695-le64.cache-6
7f9fe9d3a000-7f9fe9d7a000 rw-p 00000000 00:00 0 
7f9fe9d7a000-7f9fe9f3a000 ---p 00000000 00:00 0 
7f9fe9f3a000-7f9fe9f3f000 r--s 00000000 08:06 2366115                    /var/cache/fontconfig/8801497958630a81b71ace7c5f9b32a8-le64.cache-6
7f9fe9f3f000-7f9fe9f40000 r--s 00000000 08:06 2366122                    /var/cache/fontconfig/bab58bb527bb656aaa9f116d68a48d89-le64.cache-6
7f9fe9f40000-7f9fe9f41000 r--s 00000000 08:06 2366106                    /var/cache/fontconfig/56cf4f4769d0f4abc89a4895d7bd3ae1-le64.cache-6
7f9fe9f41000-7f9fe9f47000 r--s 00000000 08:06 2366120                    /var/cache/fontconfig/b47c4e1ecd0709278f4910c18777a504-le64.cache-6
7f9fe9f47000-7f9fe9f52000 r--s 00000000 08:06 2366494                    /var/cache/fontconfig/d589a48862398ed80a3d6066f4f56f4c-le64.cache-6
7f9fe9f52000-7f9fe9f63000 r-xp 00000000 08:06 1055780                    /usr/lib/jvm/java-8-openjdk-amd64/jre/lib/amd64/libnio.so
7f9fe9f63000-7f9fea163000 ---p 00011000 08:06 1055780                    /usr/lib/jvm/java-8-openjdk-amd64/jre/lib/amd64/libnio.so
7f9fea163000-7f9fea164000 r--p 00011000 08:06 1055780                    /usr/lib/jvm/java-8-openjdk-amd64/jre/lib/amd64/libnio.so
7f9fea164000-7f9fea165000 rw-p 00012000 08:06 1055780                    /usr/lib/jvm/java-8-openjdk-amd64/jre/lib/amd64/libnio.so
7f9fea165000-7f9fea17b000 r-xp 00000000 08:06 1055498                    /usr/lib/jvm/java-8-openjdk-amd64/jre/lib/amd64/libnet.so
7f9fea17b000-7f9fea37b000 ---p 00016000 08:06 1055498                    /usr/lib/jvm/java-8-openjdk-amd64/jre/lib/amd64/libnet.so
7f9fea37b000-7f9fea37c000 r--p 00016000 08:06 1055498                    /usr/lib/jvm/java-8-openjdk-amd64/jre/lib/amd64/libnet.so
7f9fea37c000-7f9fea37d000 rw-p 00017000 08:06 1055498                    /usr/lib/jvm/java-8-openjdk-amd64/jre/lib/amd64/libnet.so
7f9fea37d000-7f9fea57d000 rw-p 00000000 00:00 0 
7f9fea57d000-7f9fea580000 ---p 00000000 00:00 0 
7f9fea580000-7f9fea67e000 rw-p 00000000 00:00 0 
7f9fea67e000-7f9fea681000 ---p 00000000 00:00 0 
7f9fea681000-7f9fea77f000 rw-p 00000000 00:00 0 
7f9fea77f000-7f9fea782000 ---p 00000000 00:00 0 
7f9fea782000-7f9fea880000 rw-p 00000000 00:00 0 
7f9fea880000-7f9fea885000 r-xp 00000000 08:06 1057758                    /usr/lib/x86_64-linux-gnu/libXfixes.so.3.1.0
7f9fea885000-7f9feaa84000 ---p 00005000 08:06 1057758                    /usr/lib/x86_64-linux-gnu/libXfixes.so.3.1.0
7f9feaa84000-7f9feaa85000 r--p 00004000 08:06 1057758                    /usr/lib/x86_64-linux-gnu/libXfixes.so.3.1.0
7f9feaa85000-7f9feaa86000 rw-p 00005000 08:06 1057758                    /usr/lib/x86_64-linux-gnu/libXfixes.so.3.1.0
7f9feaa86000-7f9feaa8f000 r-xp 00000000 08:06 1057750                    /usr/lib/x86_64-linux-gnu/libXcursor.so.1.0.2
7f9feaa8f000-7f9feac8e000 ---p 00009000 08:06 1057750                    /usr/lib/x86_64-linux-gnu/libXcursor.so.1.0.2
7f9feac8e000-7f9feac8f000 r--p 00008000 08:06 1057750                    /usr/lib/x86_64-linux-gnu/libXcursor.so.1.0.2
7f9feac8f000-7f9feac90000 rw-p 00009000 08:06 1057750                    /usr/lib/x86_64-linux-gnu/libXcursor.so.1.0.2
7f9feac90000-7f9feacb4000 r-xp 00000000 08:06 529815                     /lib/x86_64-linux-gnu/libpng12.so.0.54.0
7f9feacb4000-7f9feaeb3000 ---p 00024000 08:06 529815                     /lib/x86_64-linux-gnu/libpng12.so.0.54.0
7f9feaeb3000-7f9feaeb4000 r--p 00023000 08:06 529815                     /lib/x86_64-linux-gnu/libpng12.so.0.54.0
7f9feaeb4000-7f9feaeb5000 rw-p 00024000 08:06 529815                     /lib/x86_64-linux-gnu/libpng12.so.0.54.0
7f9feaeb5000-7f9feaf59000 r-xp 00000000 08:06 1058181                    /usr/lib/x86_64-linux-gnu/libfreetype.so.6.12.1
7f9feaf59000-7f9feb158000 ---p 000a4000 08:06 1058181                    /usr/lib/x86_64-linux-gnu/libfreetype.so.6.12.1
7f9feb158000-7f9feb15e000 r--p 000a3000 08:06 1058181                    /usr/lib/x86_64-linux-gnu/libfreetype.so.6.12.1
7f9feb15e000-7f9feb15f000 rw-p 000a9000 08:06 1058181                    /usr/lib/x86_64-linux-gnu/libfreetype.so.6.12.1
7f9feb15f000-7f9feb1b1000 r-xp 00000000 08:06 1052756                    /usr/lib/jvm/java-8-openjdk-amd64/jre/lib/amd64/libfontmanager.so
7f9feb1b1000-7f9feb3b1000 ---p 00052000 08:06 1052756                    /usr/lib/jvm/java-8-openjdk-amd64/jre/lib/amd64/libfontmanager.so
7f9feb3b1000-7f9feb3b3000 r--p 00052000 08:06 1052756                    /usr/lib/jvm/java-8-openjdk-amd64/jre/lib/amd64/libfontmanager.so
7f9feb3b3000-7f9feb3b4000 rw-p 00054000 08:06 1052756                    /usr/lib/jvm/java-8-openjdk-amd64/jre/lib/amd64/libfontmanager.so
7f9feb3b4000-7f9feb3b9000 r-xp 00000000 08:06 1057754                    /usr/lib/x86_64-linux-gnu/libXdmcp.so.6.0.0
7f9feb3b9000-7f9feb5b8000 ---p 00005000 08:06 1057754                    /usr/lib/x86_64-linux-gnu/libXdmcp.so.6.0.0
7f9feb5b8000-7f9feb5b9000 r--p 00004000 08:06 1057754                    /usr/lib/x86_64-linux-gnu/libXdmcp.so.6.0.0
7f9feb5b9000-7f9feb5ba000 rw-p 00005000 08:06 1057754                    /usr/lib/x86_64-linux-gnu/libXdmcp.so.6.0.0
7f9feb5ba000-7f9feb5bc000 r-xp 00000000 08:06 1057743                    /usr/lib/x86_64-linux-gnu/libXau.so.6.0.0
7f9feb5bc000-7f9feb7bc000 ---p 00002000 08:06 1057743                    /usr/lib/x86_64-linux-gnu/libXau.so.6.0.0
7f9feb7bc000-7f9feb7bd000 r--p 00002000 08:06 1057743                    /usr/lib/x86_64-linux-gnu/libXau.so.6.0.0
7f9feb7bd000-7f9feb7be000 rw-p 00003000 08:06 1057743                    /usr/lib/x86_64-linux-gnu/libXau.so.6.0.0
7f9feb7be000-7f9feb7df000 r-xp 00000000 08:06 1059163                    /usr/lib/x86_64-linux-gnu/libxcb.so.1.1.0
7f9feb7df000-7f9feb9de000 ---p 00021000 08:06 1059163                    /usr/lib/x86_64-linux-gnu/libxcb.so.1.1.0
7f9feb9de000-7f9feb9df000 r--p 00020000 08:06 1059163                    /usr/lib/x86_64-linux-gnu/libxcb.so.1.1.0
7f9feb9df000-7f9feb9e0000 rw-p 00021000 08:06 1059163                    /usr/lib/x86_64-linux-gnu/libxcb.so.1.1.0
7f9feb9e0000-7f9feb9ef000 r-xp 00000000 08:06 1057766                    /usr/lib/x86_64-linux-gnu/libXi.so.6.1.0
7f9feb9ef000-7f9febbee000 ---p 0000f000 08:06 1057766                    /usr/lib/x86_64-linux-gnu/libXi.so.6.1.0
7f9febbee000-7f9febbef000 r--p 0000e000 08:06 1057766                    /usr/lib/x86_64-linux-gnu/libXi.so.6.1.0
7f9febbef000-7f9febbf0000 rw-p 0000f000 08:06 1057766                    /usr/lib/x86_64-linux-gnu/libXi.so.6.1.0
7f9febbf0000-7f9febbf5000 r-xp 00000000 08:06 1057784                    /usr/lib/x86_64-linux-gnu/libXtst.so.6.1.0
7f9febbf5000-7f9febdf4000 ---p 00005000 08:06 1057784                    /usr/lib/x86_64-linux-gnu/libXtst.so.6.1.0
7f9febdf4000-7f9febdf5000 r--p 00004000 08:06 1057784                    /usr/lib/x86_64-linux-gnu/libXtst.so.6.1.0
7f9febdf5000-7f9febdf6000 rw-p 00005000 08:06 1057784                    /usr/lib/x86_64-linux-gnu/libXtst.so.6.1.0
7f9febdf6000-7f9febdff000 r-xp 00000000 08:06 1057778                    /usr/lib/x86_64-linux-gnu/libXrender.so.1.3.0
7f9febdff000-7f9febffe000 ---p 00009000 08:06 1057778                    /usr/lib/x86_64-linux-gnu/libXrender.so.1.3.0
7f9febffe000-7f9febfff000 r--p 00008000 08:06 1057778                    /usr/lib/x86_64-linux-gnu/libXrender.so.1.3.0
7f9febfff000-7f9fec000000 rw-p 00009000 08:06 1057778                    /usr/lib/x86_64-linux-gnu/libXrender.so.1.3.0
7f9fec000000-7f9fec021000 rw-p 00000000 00:00 0 
7f9fec021000-7f9ff0000000 ---p 00000000 00:00 0 
7f9ff0000000-7f9ff0001000 r--s 00000000 08:06 2366121                    /var/cache/fontconfig/b9d506c9ac06c20b433354fa67a72993-le64.cache-6
7f9ff0001000-7f9ff0002000 r--s 00000000 08:06 2366105                    /var/cache/fontconfig/551ecf3b0e8b0bca0f25c0944f561853-le64.cache-6
7f9ff0002000-7f9ff0005000 r--s 00000000 08:06 2366111                    /var/cache/fontconfig/75114ca45c98e8a441da0ff356701271-le64.cache-6
7f9ff0005000-7f9ff0017000 r--s 00000000 08:06 2366118                    /var/cache/fontconfig/9b89f8e3dae116d678bbf48e5f21f69b-le64.cache-6
7f9ff0017000-7f9ff001a000 ---p 00000000 00:00 0 
7f9ff001a000-7f9ff0118000 rw-p 00000000 00:00 0 
7f9ff0118000-7f9ff024d000 r-xp 00000000 08:06 1057739                    /usr/lib/x86_64-linux-gnu/libX11.so.6.3.0
7f9ff024d000-7f9ff044d000 ---p 00135000 08:06 1057739                    /usr/lib/x86_64-linux-gnu/libX11.so.6.3.0
7f9ff044d000-7f9ff044e000 r--p 00135000 08:06 1057739                    /usr/lib/x86_64-linux-gnu/libX11.so.6.3.0
7f9ff044e000-7f9ff0452000 rw-p 00136000 08:06 1057739                    /usr/lib/x86_64-linux-gnu/libX11.so.6.3.0
7f9ff0452000-7f9ff0463000 r-xp 00000000 08:06 1057756                    /usr/lib/x86_64-linux-gnu/libXext.so.6.4.0
7f9ff0463000-7f9ff0662000 ---p 00011000 08:06 1057756                    /usr/lib/x86_64-linux-gnu/libXext.so.6.4.0
7f9ff0662000-7f9ff0663000 r--p 00010000 08:06 1057756                    /usr/lib/x86_64-linux-gnu/libXext.so.6.4.0
7f9ff0663000-7f9ff0664000 rw-p 00011000 08:06 1057756                    /usr/lib/x86_64-linux-gnu/libXext.so.6.4.0
7f9ff067c000-7f9ff06d1000 r-xp 00000000 08:06 1055375                    /usr/lib/jvm/java-8-openjdk-amd64/jre/lib/amd64/libawt_xawt.so
7f9ff06d1000-7f9ff08d0000 ---p 00055000 08:06 1055375                    /usr/lib/jvm/java-8-openjdk-amd64/jre/lib/amd64/libawt_xawt.so
7f9ff08d0000-7f9ff08d1000 r--p 00054000 08:06 1055375                    /usr/lib/jvm/java-8-openjdk-amd64/jre/lib/amd64/libawt_xawt.so
7f9ff08d1000-7f9ff08d4000 rw-p 00055000 08:06 1055375                    /usr/lib/jvm/java-8-openjdk-amd64/jre/lib/amd64/libawt_xawt.so
7f9ff08d4000-7f9ff08d5000 rw-p 00000000 00:00 0 
7f9ff08d5000-7f9ff0975000 r-xp 00000000 08:06 1056205                    /usr/lib/jvm/java-8-openjdk-amd64/jre/lib/amd64/libawt.so
7f9ff0975000-7f9ff0b75000 ---p 000a0000 08:06 1056205                    /usr/lib/jvm/java-8-openjdk-amd64/jre/lib/amd64/libawt.so
7f9ff0b75000-7f9ff0b76000 r--p 000a0000 08:06 1056205                    /usr/lib/jvm/java-8-openjdk-amd64/jre/lib/amd64/libawt.so
7f9ff0b76000-7f9ff0b81000 rw-p 000a1000 08:06 1056205                    /usr/lib/jvm/java-8-openjdk-amd64/jre/lib/amd64/libawt.so
7f9ff0b81000-7f9ff0ba6000 rw-p 00000000 00:00 0 
7f9ff0ba6000-7f9ff0bc1000 r--s 00394000 08:06 1051677                    /usr/lib/jvm/java-8-openjdk-amd64/jre/lib/ext/cldrdata.jar
7f9ff0bc1000-7f9ff0bc2000 ---p 00000000 00:00 0 
7f9ff0bc2000-7f9ff0cc2000 rw-p 00000000 00:00 0 
7f9ff0cc2000-7f9ff0cc5000 ---p 00000000 00:00 0 
7f9ff0cc5000-7f9ff0dc3000 rw-p 00000000 00:00 0 
7f9ff0dc3000-7f9ff0dc6000 ---p 00000000 00:00 0 
7f9ff0dc6000-7f9ff0ec4000 rw-p 00000000 00:00 0 
7f9ff0ec4000-7f9ff0ec7000 ---p 00000000 00:00 0 
7f9ff0ec7000-7f9ff0fc5000 rw-p 00000000 00:00 0 
7f9ff0fc5000-7f9ff0fc8000 ---p 00000000 00:00 0 
7f9ff0fc8000-7f9ff10c6000 rw-p 00000000 00:00 0 
7f9ff10c6000-7f9ff10c9000 ---p 00000000 00:00 0 
7f9ff10c9000-7f9ff11c7000 rw-p 00000000 00:00 0 
7f9ff11c7000-7f9ff11ca000 ---p 00000000 00:00 0 
7f9ff11ca000-7f9ff12c8000 rw-p 00000000 00:00 0 
7f9ff12c8000-7f9ff1de6000 r--p 00000000 08:06 1056122                    /usr/lib/locale/locale-archive
7f9ff1de6000-7f9ff1de9000 ---p 00000000 00:00 0 
7f9ff1de9000-7f9ff1ee7000 rw-p 00000000 00:00 0 
7f9ff1ee7000-7f9ff1eea000 ---p 00000000 00:00 0 
7f9ff1eea000-7f9ff1fe8000 rw-p 00000000 00:00 0 
7f9ff1fe8000-7f9ff1fe9000 ---p 00000000 00:00 0 
7f9ff1fe9000-7f9ff4000000 rw-p 00000000 00:00 0 
7f9ff4000000-7f9ff4021000 rw-p 00000000 00:00 0 
7f9ff4021000-7f9ff8000000 ---p 00000000 00:00 0 
7f9ff8000000-7f9ff800b000 r--s 00000000 08:06 2366114                    /var/cache/fontconfig/83bf95040141907cd45bb53cf7c1c148-le64.cache-6
7f9ff800b000-7f9ff800e000 r--s 00000000 08:06 2366130                    /var/cache/fontconfig/e13b20fdb08344e0e664864cc2ede53d-le64.cache-6
7f9ff800e000-7f9ff8012000 r--s 00000000 08:06 2366110                    /var/cache/fontconfig/7ef2298fde41cc6eeb7af42e48b7d293-le64.cache-6
7f9ff8012000-7f9ff802d000 r--s 001d6000 08:06 1051749                    /usr/lib/jvm/java-8-openjdk-amd64/jre/lib/ext/nashorn.jar
7f9ff802d000-7f9ffc000000 rw-p 00000000 00:00 0 
7f9ffc000000-7f9ffc021000 rw-p 00000000 00:00 0 
7f9ffc021000-7fa000000000 ---p 00000000 00:00 0 
7fa000000000-7fa000001000 r--s 00000000 08:06 2366100                    /var/cache/fontconfig/30829fa25452a46451e813d634d7f916-le64.cache-6
7fa000001000-7fa000006000 r--s 002f9000 08:06 1051809                    /usr/lib/jvm/java-8-openjdk-amd64/jre/lib/charsets.jar
7fa000006000-7fa000019000 r--s 00346000 08:06 1056622                    /usr/lib/jvm/java-8-openjdk-amd64/jre/lib/resources.jar
7fa000019000-7fa000350000 rw-p 00000000 00:00 0 
7fa000350000-7fa00051e000 r--s 03c2c000 08:06 1051814                    /usr/lib/jvm/java-8-openjdk-amd64/jre/lib/rt.jar
7fa00051e000-7fa0008f9000 rw-p 00000000 00:00 0 
7fa0008f9000-7fa0008fa000 ---p 00000000 00:00 0 
7fa0008fa000-7fa0009fa000 rw-p 00000000 00:00 0 
7fa0009fa000-7fa0009fb000 ---p 00000000 00:00 0 
7fa0009fb000-7fa000afb000 rw-p 00000000 00:00 0 
7fa000afb000-7fa000afc000 ---p 00000000 00:00 0 
7fa000afc000-7fa000bfc000 rw-p 00000000 00:00 0 
7fa000bfc000-7fa000bfd000 ---p 00000000 00:00 0 
7fa000bfd000-7fa000cfd000 rw-p 00000000 00:00 0 
7fa000cfd000-7fa000cfe000 ---p 00000000 00:00 0 
7fa000cfe000-7fa000dfe000 rw-p 00000000 00:00 0 
7fa000dfe000-7fa000dff000 ---p 00000000 00:00 0 
7fa000dff000-7fa000eff000 rw-p 00000000 00:00 0 
7fa000eff000-7fa000f00000 ---p 00000000 00:00 0 
7fa000f00000-7fa001000000 rw-p 00000000 00:00 0 
7fa001000000-7fa001690000 rwxp 00000000 00:00 0 
7fa001690000-7fa010000000 ---p 00000000 00:00 0 
7fa010000000-7fa010291000 rw-p 00000000 00:00 0 
7fa010291000-7fa014000000 ---p 00000000 00:00 0 
7fa014000000-7fa014001000 r--s 00000000 08:06 2366094                    /var/cache/fontconfig/0c9eb80ebd1c36541ebe2852d3bb0c49-le64.cache-6
7fa014001000-7fa014006000 r--s 002f9000 08:06 1051809                    /usr/lib/jvm/java-8-openjdk-amd64/jre/lib/charsets.jar
7fa014006000-7fa01407c000 rw-p 00000000 00:00 0 
7fa01407c000-7fa01407d000 ---p 00000000 00:00 0 
7fa01407d000-7fa0141a7000 rw-p 00000000 00:00 0 
7fa0141a7000-7fa01440f000 ---p 00000000 00:00 0 
7fa01440f000-7fa014439000 rw-p 00000000 00:00 0 
7fa014439000-7fa0146a1000 ---p 00000000 00:00 0 
7fa0146a1000-7fa0146d4000 rw-p 00000000 00:00 0 
7fa0146d4000-7fa0147ea000 ---p 00000000 00:00 0 
7fa0147ea000-7fa014806000 rw-p 00000000 00:00 0 
7fa014806000-7fa014bab000 ---p 00000000 00:00 0 
7fa014bab000-7fa014bb3000 r-xp 00000000 08:06 1053068                    /usr/lib/jvm/java-8-openjdk-amd64/jre/lib/amd64/libzip.so
7fa014bb3000-7fa014db2000 ---p 00008000 08:06 1053068                    /usr/lib/jvm/java-8-openjdk-amd64/jre/lib/amd64/libzip.so
7fa014db2000-7fa014db3000 r--p 00007000 08:06 1053068                    /usr/lib/jvm/java-8-openjdk-amd64/jre/lib/amd64/libzip.so
7fa014db3000-7fa014db4000 rw-p 00008000 08:06 1053068                    /usr/lib/jvm/java-8-openjdk-amd64/jre/lib/amd64/libzip.so
7fa014db4000-7fa014dbf000 r-xp 00000000 08:06 529773                     /lib/x86_64-linux-gnu/libnss_files-2.23.so
7fa014dbf000-7fa014fbe000 ---p 0000b000 08:06 529773                     /lib/x86_64-linux-gnu/libnss_files-2.23.so
7fa014fbe000-7fa014fbf000 r--p 0000a000 08:06 529773                     /lib/x86_64-linux-gnu/libnss_files-2.23.so
7fa014fbf000-7fa014fc0000 rw-p 0000b000 08:06 529773                     /lib/x86_64-linux-gnu/libnss_files-2.23.so
7fa014fc0000-7fa014fc6000 rw-p 00000000 00:00 0 
7fa014fc6000-7fa014fd1000 r-xp 00000000 08:06 529783                     /lib/x86_64-linux-gnu/libnss_nis-2.23.so
7fa014fd1000-7fa0151d0000 ---p 0000b000 08:06 529783                     /lib/x86_64-linux-gnu/libnss_nis-2.23.so
7fa0151d0000-7fa0151d1000 r--p 0000a000 08:06 529783                     /lib/x86_64-linux-gnu/libnss_nis-2.23.so
7fa0151d1000-7fa0151d2000 rw-p 0000b000 08:06 529783                     /lib/x86_64-linux-gnu/libnss_nis-2.23.so
7fa0151d2000-7fa0151e8000 r-xp 00000000 08:06 529767                     /lib/x86_64-linux-gnu/libnsl-2.23.so
7fa0151e8000-7fa0153e7000 ---p 00016000 08:06 529767                     /lib/x86_64-linux-gnu/libnsl-2.23.so
7fa0153e7000-7fa0153e8000 r--p 00015000 08:06 529767                     /lib/x86_64-linux-gnu/libnsl-2.23.so
7fa0153e8000-7fa0153e9000 rw-p 00016000 08:06 529767                     /lib/x86_64-linux-gnu/libnsl-2.23.so
7fa0153e9000-7fa0153eb000 rw-p 00000000 00:00 0 
7fa0153eb000-7fa0153f3000 r-xp 00000000 08:06 529769                     /lib/x86_64-linux-gnu/libnss_compat-2.23.so
7fa0153f3000-7fa0155f2000 ---p 00008000 08:06 529769                     /lib/x86_64-linux-gnu/libnss_compat-2.23.so
7fa0155f2000-7fa0155f3000 r--p 00007000 08:06 529769                     /lib/x86_64-linux-gnu/libnss_compat-2.23.so
7fa0155f3000-7fa0155f4000 rw-p 00008000 08:06 529769                     /lib/x86_64-linux-gnu/libnss_compat-2.23.so
7fa0155f4000-7fa015621000 r-xp 00000000 08:06 1055365                    /usr/lib/jvm/java-8-openjdk-amd64/jre/lib/amd64/libjava.so
7fa015621000-7fa015820000 ---p 0002d000 08:06 1055365                    /usr/lib/jvm/java-8-openjdk-amd64/jre/lib/amd64/libjava.so
7fa015820000-7fa015821000 r--p 0002c000 08:06 1055365                    /usr/lib/jvm/java-8-openjdk-amd64/jre/lib/amd64/libjava.so
7fa015821000-7fa015823000 rw-p 0002d000 08:06 1055365                    /usr/lib/jvm/java-8-openjdk-amd64/jre/lib/amd64/libjava.so
7fa015823000-7fa015832000 r-xp 00000000 08:06 1055497                    /usr/lib/jvm/java-8-openjdk-amd64/jre/lib/amd64/libverify.so
7fa015832000-7fa015a31000 ---p 0000f000 08:06 1055497                    /usr/lib/jvm/java-8-openjdk-amd64/jre/lib/amd64/libverify.so
7fa015a31000-7fa015a33000 r--p 0000e000 08:06 1055497                    /usr/lib/jvm/java-8-openjdk-amd64/jre/lib/amd64/libverify.so
7fa015a33000-7fa015a34000 rw-p 00010000 08:06 1055497                    /usr/lib/jvm/java-8-openjdk-amd64/jre/lib/amd64/libverify.so
7fa015a34000-7fa015a3b000 r-xp 00000000 08:06 529828                     /lib/x86_64-linux-gnu/librt-2.23.so
7fa015a3b000-7fa015c3a000 ---p 00007000 08:06 529828                     /lib/x86_64-linux-gnu/librt-2.23.so
7fa015c3a000-7fa015c3b000 r--p 00006000 08:06 529828                     /lib/x86_64-linux-gnu/librt-2.23.so
7fa015c3b000-7fa015c3c000 rw-p 00007000 08:06 529828                     /lib/x86_64-linux-gnu/librt-2.23.so
7fa015c3c000-7fa015c52000 r-xp 00000000 08:06 529712                     /lib/x86_64-linux-gnu/libgcc_s.so.1
7fa015c52000-7fa015e51000 ---p 00016000 08:06 529712                     /lib/x86_64-linux-gnu/libgcc_s.so.1
7fa015e51000-7fa015e52000 rw-p 00015000 08:06 529712                     /lib/x86_64-linux-gnu/libgcc_s.so.1
7fa015e52000-7fa015f5a000 r-xp 00000000 08:06 529744                     /lib/x86_64-linux-gnu/libm-2.23.so
7fa015f5a000-7fa016159000 ---p 00108000 08:06 529744                     /lib/x86_64-linux-gnu/libm-2.23.so
7fa016159000-7fa01615a000 r--p 00107000 08:06 529744                     /lib/x86_64-linux-gnu/libm-2.23.so
7fa01615a000-7fa01615b000 rw-p 00108000 08:06 529744                     /lib/x86_64-linux-gnu/libm-2.23.so
7fa01615b000-7fa0162cd000 r-xp 00000000 08:06 1058914                    /usr/lib/x86_64-linux-gnu/libstdc++.so.6.0.21
7fa0162cd000-7fa0164cd000 ---p 00172000 08:06 1058914                    /usr/lib/x86_64-linux-gnu/libstdc++.so.6.0.21
7fa0164cd000-7fa0164d7000 r--p 00172000 08:06 1058914                    /usr/lib/x86_64-linux-gnu/libstdc++.so.6.0.21
7fa0164d7000-7fa0164d9000 rw-p 0017c000 08:06 1058914                    /usr/lib/x86_64-linux-gnu/libstdc++.so.6.0.21
7fa0164d9000-7fa0164dd000 rw-p 00000000 00:00 0 
7fa0164dd000-7fa017135000 r-xp 00000000 08:06 1052972                    /usr/lib/jvm/java-8-openjdk-amd64/jre/lib/amd64/server/libjvm.so
7fa017135000-7fa017335000 ---p 00c58000 08:06 1052972                    /usr/lib/jvm/java-8-openjdk-amd64/jre/lib/amd64/server/libjvm.so
7fa017335000-7fa0173c8000 r--p 00c58000 08:06 1052972                    /usr/lib/jvm/java-8-openjdk-amd64/jre/lib/amd64/server/libjvm.so
7fa0173c8000-7fa0173f1000 rw-p 00ceb000 08:06 1052972                    /usr/lib/jvm/java-8-openjdk-amd64/jre/lib/amd64/server/libjvm.so
7fa0173f1000-7fa017421000 rw-p 00000000 00:00 0 
7fa017421000-7fa017439000 r-xp 00000000 08:06 529820                     /lib/x86_64-linux-gnu/libpthread-2.23.so
7fa017439000-7fa017638000 ---p 00018000 08:06 529820                     /lib/x86_64-linux-gnu/libpthread-2.23.so
7fa017638000-7fa017639000 r--p 00017000 08:06 529820                     /lib/x86_64-linux-gnu/libpthread-2.23.so
7fa017639000-7fa01763a000 rw-p 00018000 08:06 529820                     /lib/x86_64-linux-gnu/libpthread-2.23.so
7fa01763a000-7fa01763e000 rw-p 00000000 00:00 0 
7fa01763e000-7fa017641000 r-xp 00000000 08:06 529698                     /lib/x86_64-linux-gnu/libdl-2.23.so
7fa017641000-7fa017840000 ---p 00003000 08:06 529698                     /lib/x86_64-linux-gnu/libdl-2.23.so
7fa017840000-7fa017841000 r--p 00002000 08:06 529698                     /lib/x86_64-linux-gnu/libdl-2.23.so
7fa017841000-7fa017842000 rw-p 00003000 08:06 529698                     /lib/x86_64-linux-gnu/libdl-2.23.so
7fa017842000-7fa01785b000 r-xp 00000000 08:06 529865                     /lib/x86_64-linux-gnu/libz.so.1.2.8
7fa01785b000-7fa017a5a000 ---p 00019000 08:06 529865                     /lib/x86_64-linux-gnu/libz.so.1.2.8
7fa017a5a000-7fa017a5b000 r--p 00018000 08:06 529865                     /lib/x86_64-linux-gnu/libz.so.1.2.8
7fa017a5b000-7fa017a5c000 rw-p 00019000 08:06 529865                     /lib/x86_64-linux-gnu/libz.so.1.2.8
7fa017a5c000-7fa017c1c000 r-xp 00000000 08:06 529674                     /lib/x86_64-linux-gnu/libc-2.23.so
7fa017c1c000-7fa017e1c000 ---p 001c0000 08:06 529674                     /lib/x86_64-linux-gnu/libc-2.23.so
7fa017e1c000-7fa017e20000 r--p 001c0000 08:06 529674                     /lib/x86_64-linux-gnu/libc-2.23.so
7fa017e20000-7fa017e22000 rw-p 001c4000 08:06 529674                     /lib/x86_64-linux-gnu/libc-2.23.so
7fa017e22000-7fa017e26000 rw-p 00000000 00:00 0 
7fa017e26000-7fa017e33000 r-xp 00000000 08:06 1055442                    /usr/lib/jvm/java-8-openjdk-amd64/jre/lib/amd64/jli/libjli.so
7fa017e33000-7fa018033000 ---p 0000d000 08:06 1055442                    /usr/lib/jvm/java-8-openjdk-amd64/jre/lib/amd64/jli/libjli.so
7fa018033000-7fa018034000 r--p 0000d000 08:06 1055442                    /usr/lib/jvm/java-8-openjdk-amd64/jre/lib/amd64/jli/libjli.so
7fa018034000-7fa018035000 rw-p 0000e000 08:06 1055442                    /usr/lib/jvm/java-8-openjdk-amd64/jre/lib/amd64/jli/libjli.so
7fa018035000-7fa01805b000 r-xp 00000000 08:06 529646                     /lib/x86_64-linux-gnu/ld-2.23.so
7fa01805b000-7fa01805c000 r--s 00000000 08:06 280750                     /home/nekinci/.cache/fontconfig/199fa80626fb7438b8fcae4103431c5e-le64.cache-6
7fa01805c000-7fa01805f000 r--s 00015000 08:06 1056624                    /usr/lib/jvm/java-8-openjdk-amd64/jre/lib/jce.jar
7fa01805f000-7fa018064000 r--s 0009d000 08:06 1052276                    /usr/lib/jvm/java-8-openjdk-amd64/jre/lib/jsse.jar
7fa018064000-7fa018065000 r--s 00010000 08:06 1051735                    /usr/lib/jvm/java-8-openjdk-amd64/jre/lib/ext/zipfs.jar
7fa018065000-7fa01806a000 r--s 0003b000 08:06 1051382                    /usr/lib/jvm/java-8-openjdk-amd64/jre/lib/ext/sunjce_provider.jar
7fa01806a000-7fa01806d000 r--s 0000f000 08:06 1051381                    /usr/lib/jvm/java-8-openjdk-amd64/jre/lib/ext/icedtea-sound.jar
7fa01806d000-7fa01806f000 r--s 00001000 08:06 1051606                    /usr/lib/jvm/java-8-openjdk-amd64/jre/lib/ext/dnsns.jar
7fa01806f000-7fa018071000 r--s 00008000 08:06 1051525                    /usr/lib/jvm/java-8-openjdk-amd64/jre/lib/ext/sunec.jar
7fa018071000-7fa01813c000 rw-p 00000000 00:00 0 
7fa01813c000-7fa01813f000 ---p 00000000 00:00 0 
7fa01813f000-7fa018241000 rw-p 00000000 00:00 0 
7fa018241000-7fa018242000 r--s 0000a000 08:06 1051383                    /usr/lib/jvm/java-8-openjdk-amd64/jre/lib/ext/jaccess.jar
7fa018242000-7fa018245000 r--s 00038000 08:06 1051346                    /usr/lib/jvm/java-8-openjdk-amd64/jre/lib/ext/sunpkcs11.jar
7fa018245000-7fa01824f000 r--s 00116000 08:06 1051375                    /usr/lib/jvm/java-8-openjdk-amd64/jre/lib/ext/localedata.jar
7fa01824f000-7fa018257000 rw-s 00000000 08:06 1848302                    /tmp/hsperfdata_nekinci/15629
7fa018257000-7fa018258000 rw-p 00000000 00:00 0 
7fa018258000-7fa018259000 r--p 00000000 00:00 0 
7fa018259000-7fa01825a000 rw-p 00000000 00:00 0 
7fa01825a000-7fa01825b000 r--p 00025000 08:06 529646                     /lib/x86_64-linux-gnu/ld-2.23.so
7fa01825b000-7fa01825c000 rw-p 00026000 08:06 529646                     /lib/x86_64-linux-gnu/ld-2.23.so
7fa01825c000-7fa01825d000 rw-p 00000000 00:00 0 
7fff7bbb8000-7fff7bbd9000 rw-p 00000000 00:00 0                          [stack]
7fff7bbe1000-7fff7bbe4000 r--p 00000000 00:00 0                          [vvar]
7fff7bbe4000-7fff7bbe6000 r-xp 00000000 00:00 0                          [vdso]
ffffffffff600000-ffffffffff601000 r-xp 00000000 00:00 0                  [vsyscall]

VM Arguments:
jvm_args: -Dfile.encoding=UTF-8 
java_command: com.org.Main
java_class_path (initial): /usr/lib/jvm/java-8-openjdk-amd64/jre/lib/resources.jar:/usr/lib/jvm/java-8-openjdk-amd64/jre/lib/rt.jar:/usr/lib/jvm/java-8-openjdk-amd64/jre/lib/jsse.jar:/usr/lib/jvm/java-8-openjdk-amd64/jre/lib/jce.jar:/usr/lib/jvm/java-8-openjdk-amd64/jre/lib/charsets.jar:/usr/lib/jvm/java-8-openjdk-amd64/jre/lib/ext/localedata.jar:/usr/lib/jvm/java-8-openjdk-amd64/jre/lib/ext/nashorn.jar:/usr/lib/jvm/java-8-openjdk-amd64/jre/lib/ext/sunpkcs11.jar:/usr/lib/jvm/java-8-openjdk-amd64/jre/lib/ext/sunec.jar:/usr/lib/jvm/java-8-openjdk-amd64/jre/lib/ext/dnsns.jar:/usr/lib/jvm/java-8-openjdk-amd64/jre/lib/ext/cldrdata.jar:/usr/lib/jvm/java-8-openjdk-amd64/jre/lib/ext/icedtea-sound.jar:/usr/lib/jvm/java-8-openjdk-amd64/jre/lib/ext/sunjce_provider.jar:/usr/lib/jvm/java-8-openjdk-amd64/jre/lib/ext/jaccess.jar:/usr/lib/jvm/java-8-openjdk-amd64/jre/lib/ext/zipfs.jar:/media/nekinci/ACD8F1CFD8F197B2/aaazzz/SSS/workspace/PatTar/bin
Launcher Type: SUN_STANDARD

Environment Variables:
PATH=/home/nekinci/bin:/home/nekinci/.local/bin:/usr/local/sbin:/usr/local/bin:/usr/sbin:/usr/bin:/sbin:/bin:/usr/games:/usr/local/games:/snap/bin
SHELL=/bin/bash
DISPLAY=:0

Signal Handlers:
SIGSEGV: [libjvm.so+0xa6dcc0], sa_mask[0]=11111111011111111101111111111110, sa_flags=SA_RESTART|SA_SIGINFO
SIGBUS: [libjvm.so+0xa6dcc0], sa_mask[0]=11111111011111111101111111111110, sa_flags=SA_RESTART|SA_SIGINFO
SIGFPE: [libjvm.so+0x8b5350], sa_mask[0]=11111111011111111101111111111110, sa_flags=SA_RESTART|SA_SIGINFO
SIGPIPE: [libjvm.so+0x8b5350], sa_mask[0]=11111111011111111101111111111110, sa_flags=SA_RESTART|SA_SIGINFO
SIGXFSZ: [libjvm.so+0x8b5350], sa_mask[0]=11111111011111111101111111111110, sa_flags=SA_RESTART|SA_SIGINFO
SIGILL: [libjvm.so+0x8b5350], sa_mask[0]=11111111011111111101111111111110, sa_flags=SA_RESTART|SA_SIGINFO
SIGUSR1: SIG_DFL, sa_mask[0]=00000000000000000000000000000000, sa_flags=none
SIGUSR2: [libjvm.so+0x8b5200], sa_mask[0]=00100000000000000000000000000000, sa_flags=SA_RESTART|SA_SIGINFO
SIGHUP: [libjvm.so+0x8b56d0], sa_mask[0]=11111111011111111101111111111110, sa_flags=SA_RESTART|SA_SIGINFO
SIGINT: [libjvm.so+0x8b56d0], sa_mask[0]=11111111011111111101111111111110, sa_flags=SA_RESTART|SA_SIGINFO
SIGTERM: [libjvm.so+0x8b56d0], sa_mask[0]=11111111011111111101111111111110, sa_flags=SA_RESTART|SA_SIGINFO
SIGQUIT: [libjvm.so+0x8b56d0], sa_mask[0]=11111111011111111101111111111110, sa_flags=SA_RESTART|SA_SIGINFO


---------------  S Y S T E M  ---------------

OS:DISTRIB_ID=Ubuntu
DISTRIB_RELEASE=16.04
DISTRIB_CODENAME=xenial
DISTRIB_DESCRIPTION="Ubuntu 16.04.4 LTS"

uname:Linux 4.13.0-38-generic #43~16.04.1-Ubuntu SMP Wed Mar 14 17:48:43 UTC 2018 x86_64
libc:glibc 2.23 NPTL 2.23 
rlimit: STACK 8192k, CORE 0k, NPROC 31356, NOFILE 1048576, AS infinity
load average:1,30 2,25 2,20

/proc/meminfo:
MemTotal:        8080020 kB
MemFree:          141692 kB
MemAvailable:      98588 kB
Buffers:           18732 kB
Cached:           761120 kB
SwapCached:           72 kB
Active:          6658972 kB
Inactive:         904508 kB
Active(anon):    6592020 kB
Inactive(anon):   832200 kB
Active(file):      66952 kB
Inactive(file):    72308 kB
Unevictable:          64 kB
Mlocked:              64 kB
SwapTotal:       1503228 kB
SwapFree:        1495784 kB
Dirty:              1104 kB
Writeback:             0 kB
AnonPages:       6783784 kB
Mapped:           321548 kB
Shmem:            640548 kB
Slab:             131940 kB
SReclaimable:      47288 kB
SUnreclaim:        84652 kB
KernelStack:       60848 kB
PageTables:       101856 kB
NFS_Unstable:          0 kB
Bounce:                0 kB
WritebackTmp:          0 kB
CommitLimit:     5543236 kB
Committed_AS:   45452936 kB
VmallocTotal:   34359738367 kB
VmallocUsed:           0 kB
VmallocChunk:          0 kB
HardwareCorrupted:     0 kB
AnonHugePages:      2048 kB
ShmemHugePages:        0 kB
ShmemPmdMapped:        0 kB
CmaTotal:              0 kB
CmaFree:               0 kB
HugePages_Total:       0
HugePages_Free:        0
HugePages_Rsvd:        0
HugePages_Surp:        0
Hugepagesize:       2048 kB
DirectMap4k:      201280 kB
DirectMap2M:     8099840 kB


CPU:total 8 (initial active 8) (4 cores per cpu, 2 threads per core) family 6 model 42 stepping 7, cmov, cx8, fxsr, mmx, sse, sse2, sse3, ssse3, sse4.1, sse4.2, popcnt, avx, clmul, ht, tsc, tscinvbit

/proc/cpuinfo:
processor	: 0
vendor_id	: GenuineIntel
cpu family	: 6
model		: 42
model name	: Intel(R) Core(TM) i7-2630QM CPU @ 2.00GHz
stepping	: 7
microcode	: 0x14
cpu MHz		: 2023.409
cache size	: 6144 KB
physical id	: 0
siblings	: 8
core id		: 0
cpu cores	: 4
apicid		: 0
initial apicid	: 0
fpu		: yes
fpu_exception	: yes
cpuid level	: 13
wp		: yes
flags		: fpu vme de pse tsc msr pae mce cx8 apic sep mtrr pge mca cmov pat pse36 clflush dts acpi mmx fxsr sse sse2 ss ht tm pbe syscall nx rdtscp lm constant_tsc arch_perfmon pebs bts nopl xtopology nonstop_tsc cpuid aperfmperf pni pclmulqdq dtes64 monitor ds_cpl vmx est tm2 ssse3 cx16 xtpr pdcm pcid sse4_1 sse4_2 x2apic popcnt tsc_deadline_timer xsave avx lahf_lm epb pti retpoline tpr_shadow vnmi flexpriority ept vpid xsaveopt dtherm ida arat pln pts
bugs		: cpu_meltdown spectre_v1 spectre_v2
bogomips	: 3991.03
clflush size	: 64
cache_alignment	: 64
address sizes	: 36 bits physical, 48 bits virtual
power management:

processor	: 1
vendor_id	: GenuineIntel
cpu family	: 6
model		: 42
model name	: Intel(R) Core(TM) i7-2630QM CPU @ 2.00GHz
stepping	: 7
microcode	: 0x14
cpu MHz		: 894.122
cache size	: 6144 KB
physical id	: 0
siblings	: 8
core id		: 0
cpu cores	: 4
apicid		: 1
initial apicid	: 1
fpu		: yes
fpu_exception	: yes
cpuid level	: 13
wp		: yes
flags		: fpu vme de pse tsc msr pae mce cx8 apic sep mtrr pge mca cmov pat pse36 clflush dts acpi mmx fxsr sse sse2 ss ht tm pbe syscall nx rdtscp lm constant_tsc arch_perfmon pebs bts nopl xtopology nonstop_tsc cpuid aperfmperf pni pclmulqdq dtes64 monitor ds_cpl vmx est tm2 ssse3 cx16 xtpr pdcm pcid sse4_1 sse4_2 x2apic popcnt tsc_deadline_timer xsave avx lahf_lm epb pti retpoline tpr_shadow vnmi flexpriority ept vpid xsaveopt dtherm ida arat pln pts
bugs		: cpu_meltdown spectre_v1 spectre_v2
bogomips	: 3991.03
clflush size	: 64
cache_alignment	: 64
address sizes	: 36 bits physical, 48 bits virtual
power management:

processor	: 2
vendor_id	: GenuineIntel
cpu family	: 6
model		: 42
model name	: Intel(R) Core(TM) i7-2630QM CPU @ 2.00GHz
stepping	: 7
microcode	: 0x14
cpu MHz		: 1904.851
cache size	: 6144 KB
physical id	: 0
siblings	: 8
core id		: 1
cpu cores	: 4
apicid		: 2
initial apicid	: 2
fpu		: yes
fpu_exception	: yes
cpuid level	: 13
wp		: yes
flags		: fpu vme de pse tsc msr pae mce cx8 apic sep mtrr pge mca cmov pat pse36 clflush dts acpi mmx fxsr sse sse2 ss ht tm pbe syscall nx rdtscp lm constant_tsc arch_perfmon pebs bts nopl xtopology nonstop_tsc cpuid aperfmperf pni pclmulqdq dtes64 monitor ds_cpl vmx est tm2 ssse3 cx16 xtpr pdcm pcid sse4_1 sse4_2 x2apic popcnt tsc_deadline_timer xsave avx lahf_lm epb pti retpoline tpr_shadow vnmi flexpriority ept vpid xsaveopt dtherm ida arat pln pts
bugs		: cpu_meltdown spectre_v1 spectre_v2
bogomips	: 3991.03
clflush size	: 64
cache_alignment	: 64
address sizes	: 36 bits physical, 48 bits virtual
power management:

processor	: 3
vendor_id	: GenuineIntel
cpu family	: 6
model		: 42
model name	: Intel(R) Core(TM) i7-2630QM CPU @ 2.00GHz
stepping	: 7
microcode	: 0x14
cpu MHz		: 914.256
cache size	: 6144 KB
physical id	: 0
siblings	: 8
core id		: 1
cpu cores	: 4
apicid		: 3
initial apicid	: 3
fpu		: yes
fpu_exception	: yes
cpuid level	: 13
wp		: yes
flags		: fpu vme de pse tsc msr pae mce cx8 apic sep mtrr pge mca cmov pat pse36 clflush dts acpi mmx fxsr sse sse2 ss ht tm pbe syscall nx rdtscp lm constant_tsc arch_perfmon pebs bts nopl xtopology nonstop_tsc cpuid aperfmperf pni pclmulqdq dtes64 monitor ds_cpl vmx est tm2 ssse3 cx16 xtpr pdcm pcid sse4_1 sse4_2 x2apic popcnt tsc_deadline_timer xsave avx lahf_lm epb pti retpoline tpr_shadow vnmi flexpriority ept vpid xsaveopt dtherm ida arat pln pts
bugs		: cpu_meltdown spectre_v1 spectre_v2
bogomips	: 3991.03
clflush size	: 64
cache_alignment	: 64
address sizes	: 36 bits physical, 48 bits virtual
power management:

processor	: 4
vendor_id	: GenuineIntel
cpu family	: 6
model		: 42
model name	: Intel(R) Core(TM) i7-2630QM CPU @ 2.00GHz
stepping	: 7
microcode	: 0x14
cpu MHz		: 1727.779
cache size	: 6144 KB
physical id	: 0
siblings	: 8
core id		: 2
cpu cores	: 4
apicid		: 4
initial apicid	: 4
fpu		: yes
fpu_exception	: yes
cpuid level	: 13
wp		: yes
flags		: fpu vme de pse tsc msr pae mce cx8 apic sep mtrr pge mca cmov pat pse36 clflush dts acpi mmx fxsr sse sse2 ss ht tm pbe syscall nx rdtscp lm constant_tsc arch_perfmon pebs bts nopl xtopology nonstop_tsc cpuid aperfmperf pni pclmulqdq dtes64 monitor ds_cpl vmx est tm2 ssse3 cx16 xtpr pdcm pcid sse4_1 sse4_2 x2apic popcnt tsc_deadline_timer xsave avx lahf_lm epb pti retpoline tpr_shadow vnmi flexpriority ept vpid xsaveopt dtherm ida arat pln pts
bugs		: cpu_meltdown spectre_v1 spectre_v2
bogomips	: 3991.03
clflush size	: 64
cache_alignment	: 64
address sizes	: 36 bits physical, 48 bits virtual
power management:

processor	: 5
vendor_id	: GenuineIntel
cpu family	: 6
model		: 42
model name	: Intel(R) Core(TM) i7-2630QM CPU @ 2.00GHz
stepping	: 7
microcode	: 0x14
cpu MHz		: 1874.852
cache size	: 6144 KB
physical id	: 0
siblings	: 8
core id		: 2
cpu cores	: 4
apicid		: 5
initial apicid	: 5
fpu		: yes
fpu_exception	: yes
cpuid level	: 13
wp		: yes
flags		: fpu vme de pse tsc msr pae mce cx8 apic sep mtrr pge mca cmov pat pse36 clflush dts acpi mmx fxsr sse sse2 ss ht tm pbe syscall nx rdtscp lm constant_tsc arch_perfmon pebs bts nopl xtopology nonstop_tsc cpuid aperfmperf pni pclmulqdq dtes64 monitor ds_cpl vmx est tm2 ssse3 cx16 xtpr pdcm pcid sse4_1 sse4_2 x2apic popcnt tsc_deadline_timer xsave avx lahf_lm epb pti retpoline tpr_shadow vnmi flexpriority ept vpid xsaveopt dtherm ida arat pln pts
bugs		: cpu_meltdown spectre_v1 spectre_v2
bogomips	: 3991.03
clflush size	: 64
cache_alignment	: 64
address sizes	: 36 bits physical, 48 bits virtual
power management:

processor	: 6
vendor_id	: GenuineIntel
cpu family	: 6
model		: 42
model name	: Intel(R) Core(TM) i7-2630QM CPU @ 2.00GHz
stepping	: 7
microcode	: 0x14
cpu MHz		: 1021.739
cache size	: 6144 KB
physical id	: 0
siblings	: 8
core id		: 3
cpu cores	: 4
apicid		: 6
initial apicid	: 6
fpu		: yes
fpu_exception	: yes
cpuid level	: 13
wp		: yes
flags		: fpu vme de pse tsc msr pae mce cx8 apic sep mtrr pge mca cmov pat pse36 clflush dts acpi mmx fxsr sse sse2 ss ht tm pbe syscall nx rdtscp lm constant_tsc arch_perfmon pebs bts nopl xtopology nonstop_tsc cpuid aperfmperf pni pclmulqdq dtes64 monitor ds_cpl vmx est tm2 ssse3 cx16 xtpr pdcm pcid sse4_1 sse4_2 x2apic popcnt tsc_deadline_timer xsave avx lahf_lm epb pti retpoline tpr_shadow vnmi flexpriority ept vpid xsaveopt dtherm ida arat pln pts
bugs		: cpu_meltdown spectre_v1 spectre_v2
bogomips	: 3991.03
clflush size	: 64
cache_alignment	: 64
address sizes	: 36 bits physical, 48 bits virtual
power management:

processor	: 7
vendor_id	: GenuineIntel
cpu family	: 6
model		: 42
model name	: Intel(R) Core(TM) i7-2630QM CPU @ 2.00GHz
stepping	: 7
microcode	: 0x14
cpu MHz		: 1798.338
cache size	: 6144 KB
physical id	: 0
siblings	: 8
core id		: 3
cpu cores	: 4
apicid		: 7
initial apicid	: 7
fpu		: yes
fpu_exception	: yes
cpuid level	: 13
wp		: yes
flags		: fpu vme de pse tsc msr pae mce cx8 apic sep mtrr pge mca cmov pat pse36 clflush dts acpi mmx fxsr sse sse2 ss ht tm pbe syscall nx rdtscp lm constant_tsc arch_perfmon pebs bts nopl xtopology nonstop_tsc cpuid aperfmperf pni pclmulqdq dtes64 monitor ds_cpl vmx est tm2 ssse3 cx16 xtpr pdcm pcid sse4_1 sse4_2 x2apic popcnt tsc_deadline_timer xsave avx lahf_lm epb pti retpoline tpr_shadow vnmi flexpriority ept vpid xsaveopt dtherm ida arat pln pts
bugs		: cpu_meltdown spectre_v1 spectre_v2
bogomips	: 3991.03
clflush size	: 64
cache_alignment	: 64
address sizes	: 36 bits physical, 48 bits virtual
power management:



Memory: 4k page, physical 8080020k(141692k free), swap 1503228k(1495784k free)

vm_info: OpenJDK 64-Bit Server VM (25.162-b12) for linux-amd64 JRE (1.8.0_162-8u162-b12-0ubuntu0.16.04.2-b12), built on Mar 14 2018 12:11:18 by "buildd" with gcc 5.4.0 20160609

time: Thu Aug  2 18:29:16 2018
elapsed time: 120 seconds (0d 0h 2m 0s)

